<?xml version="1.0" encoding="UTF-8"?>
<!-- Generated by org.testng.reporters.JUnitXMLReporter -->
<testsuite ignored="0" hostname="QZ-LT-R-CTK-023" failures="1" tests="3" name="Code9IRetryAnalyzerToRerunTheFlakyFailedSeleniumTestsInFramework" time="32.962" errors="0" timestamp="18 Nov 2024 06:55:04 GMT">
  <testcase classname="End_To_End_SeleniumFramework.Code9IRetryAnalyzerToRerunTheFlakyFailedSeleniumTestsInFramework" name="logInPage" time="0.583">
    <skipped/>
  </testcase> <!-- logInPage -->
  <testcase classname="End_To_End_SeleniumFramework.Code9IRetryAnalyzerToRerunTheFlakyFailedSeleniumTestsInFramework" name="logInPage" time="0.401">
    <failure type="java.lang.AssertionError" message="expected [Incorrect email or password.] but found [Incorrect email  password.]">
      <![CDATA[java.lang.AssertionError: expected [Incorrect email or password.] but found [Incorrect email  password.]
at End_To_End_SeleniumFramework.Code9IRetryAnalyzerToRerunTheFlakyFailedSeleniumTestsInFramework.logInPage(Code9IRetryAnalyzerToRerunTheFlakyFailedSeleniumTestsInFramework.java:28)
... Removed 29 stack frames]]>
    </failure>
  </testcase> <!-- logInPage -->
  <testcase classname="End_To_End_SeleniumFramework.Code9IRetryAnalyzerToRerunTheFlakyFailedSeleniumTestsInFramework" name="productCatalog" time="8.972"/>
</testsuite> <!-- Code9IRetryAnalyzerToRerunTheFlakyFailedSeleniumTestsInFramework -->
