<?xml version="1.0" encoding="UTF-8"?>
<!-- Generated by org.testng.reporters.JUnitXMLReporter -->
<testsuite ignored="0" hostname="QZ-LT-R-CTK-023" failures="1" tests="3" name="Code9IRetryAnalyzerToReeunTheFlakyFailedSeleniumTestsInFramework" time="69.254" errors="0" timestamp="12 Nov 2024 06:38:49 GMT">
  <testcase classname="End_To_End_SeleniumFramework.Code9IRetryAnalyzerToReeunTheFlakyFailedSeleniumTestsInFramework" name="logInPage" time="1.511">
    <skipped/>
  </testcase> <!-- logInPage -->
  <testcase classname="End_To_End_SeleniumFramework.Code9IRetryAnalyzerToReeunTheFlakyFailedSeleniumTestsInFramework" name="logInPage" time="1.047">
    <failure type="java.lang.AssertionError" message="expected [Incorrect email or password.] but found [Incorrect email  password.]">
      <![CDATA[java.lang.AssertionError: expected [Incorrect email or password.] but found [Incorrect email  password.]
at End_To_End_SeleniumFramework.Code9IRetryAnalyzerToReeunTheFlakyFailedSeleniumTestsInFramework.logInPage(Code9IRetryAnalyzerToReeunTheFlakyFailedSeleniumTestsInFramework.java:32)
at java.base/java.util.concurrent.ThreadPoolExecutor.runWorker(ThreadPoolExecutor.java:1144)
at java.base/java.util.concurrent.ThreadPoolExecutor$Worker.run(ThreadPoolExecutor.java:642)
at java.base/java.lang.Thread.run(Thread.java:1583)
... Removed 14 stack frames]]>
    </failure>
  </testcase> <!-- logInPage -->
  <testcase classname="End_To_End_SeleniumFramework.Code9IRetryAnalyzerToReeunTheFlakyFailedSeleniumTestsInFramework" name="productCatalog" time="9.636"/>
</testsuite> <!-- Code9IRetryAnalyzerToReeunTheFlakyFailedSeleniumTestsInFramework -->
