<?xml version="1.0" encoding="UTF-8"?>
<!-- Generated by org.testng.reporters.JUnitXMLReporter -->
<testsuite ignored="0" hostname="QZ-LT-R-CTK-023" failures="1" tests="2" name="Code8AttachingScreenshotToReportsFromListenersOnAutomaticTestFailure" time="152.979" errors="0" timestamp="20 Nov 2024 04:50:28 GMT">
  <testcase classname="End_To_End_SeleniumFramework.Code8AttachingScreenshotToReportsFromListenersOnAutomaticTestFailure" name="logInPage" time="0.881">
    <failure type="java.lang.AssertionError" message="expected [Incorrect email or password.] but found [Incorrect email  password.]">
      <![CDATA[java.lang.AssertionError: expected [Incorrect email or password.] but found [Incorrect email  password.]
at End_To_End_SeleniumFramework.Code8AttachingScreenshotToReportsFromListenersOnAutomaticTestFailure.logInPage(Code8AttachingScreenshotToReportsFromListenersOnAutomaticTestFailure.java:26)
at java.base/java.util.concurrent.ThreadPoolExecutor.runWorker(ThreadPoolExecutor.java:1136)
at java.base/java.util.concurrent.ThreadPoolExecutor$Worker.run(ThreadPoolExecutor.java:635)
at java.base/java.lang.Thread.run(Thread.java:840)
... Removed 16 stack frames]]>
    </failure>
  </testcase> <!-- logInPage -->
  <testcase classname="End_To_End_SeleniumFramework.Code8AttachingScreenshotToReportsFromListenersOnAutomaticTestFailure" name="productCatalog" time="9.181"/>
</testsuite> <!-- Code8AttachingScreenshotToReportsFromListenersOnAutomaticTestFailure -->
