<?xml version="1.0" encoding="UTF-8"?>
<!-- Generated by org.testng.reporters.JUnitXMLReporter -->
<testsuite ignored="0" hostname="QZ-LT-R-CTK-023" failures="1" tests="2" name="Code9ConcurrencyProblemImplementThreadLocalClassToAvoidSyncIssuesInTest" time="34.471" errors="0" timestamp="20 Nov 2024 05:11:16 GMT">
  <testcase classname="End_To_End_SeleniumFramework.Code9ConcurrencyProblemImplementThreadLocalClassToAvoidSyncIssuesInTest" name="logInPageErrorValidations" time="1.476">
    <failure type="java.lang.AssertionError" message="expected [Incorrect email or password.] but found [Incorrect email password.]">
      <![CDATA[java.lang.AssertionError: expected [Incorrect email or password.] but found [Incorrect email password.]
at End_To_End_SeleniumFramework.Code9ConcurrencyProblemImplementThreadLocalClassToAvoidSyncIssuesInTest.logInPageErrorValidations(Code9ConcurrencyProblemImplementThreadLocalClassToAvoidSyncIssuesInTest.java:26)
... Removed 35 stack frames]]>
    </failure>
  </testcase> <!-- logInPageErrorValidations -->
  <testcase classname="End_To_End_SeleniumFramework.Code9ConcurrencyProblemImplementThreadLocalClassToAvoidSyncIssuesInTest" name="productCatalogErrorValidations" time="8.988"/>
</testsuite> <!-- Code9ConcurrencyProblemImplementThreadLocalClassToAvoidSyncIssuesInTest -->
