<?xml version="1.0" encoding="UTF-8"?>
<!-- Generated by org.testng.reporters.JUnitXMLReporter -->
<testsuite ignored="0" hostname="QZ-LT-R-CTK-023" failures="1" tests="3" name="Code10_IRetryAnalyzerToRerunTheFlakyFailedSeleniumTestsInFramework" time="48.777" errors="0" timestamp="20 Nov 2024 05:13:28 GMT">
  <testcase classname="End_To_End_SeleniumFramework.Code10_IRetryAnalyzerToRerunTheFlakyFailedSeleniumTestsInFramework" name="logInPage" time="1.071">
    <skipped/>
  </testcase> <!-- logInPage -->
  <testcase classname="End_To_End_SeleniumFramework.Code10_IRetryAnalyzerToRerunTheFlakyFailedSeleniumTestsInFramework" name="logInPage" time="0.728">
    <failure type="java.lang.AssertionError" message="expected [Incorrect email or password.] but found [Incorrect email  password.]">
      <![CDATA[java.lang.AssertionError: expected [Incorrect email or password.] but found [Incorrect email  password.]
at End_To_End_SeleniumFramework.Code10_IRetryAnalyzerToRerunTheFlakyFailedSeleniumTestsInFramework.logInPage(Code10_IRetryAnalyzerToRerunTheFlakyFailedSeleniumTestsInFramework.java:28)
... Removed 35 stack frames]]>
    </failure>
  </testcase> <!-- logInPage -->
  <testcase classname="End_To_End_SeleniumFramework.Code10_IRetryAnalyzerToRerunTheFlakyFailedSeleniumTestsInFramework" name="productCatalog" time="9.554"/>
</testsuite> <!-- Code10_IRetryAnalyzerToRerunTheFlakyFailedSeleniumTestsInFramework -->
